
Showing logs for build [32mcb-kubecd-environment-pr-193-41-l4r8v-1[0m stage [32mfrom-build-pack[0m and container [32mstep-credential-initializer-nnls2[0m
{"level":"warn","ts":1585910298.2719688,"logger":"fallback-logger","caller":"logging/config.go:69","msg":"Fetch GitHub commit ID from kodata failed: \"ref: refs/heads/0.8.0-**-support-backwards-incompats\" is not a valid GitHub commit ID"}
{"level":"info","ts":1585910298.2728207,"logger":"fallback-logger","caller":"creds-init/main.go:40","msg":"Credentials initialized."}

Showing logs for build [32mcb-kubecd-environment-pr-193-41-l4r8v-1[0m stage [32mfrom-build-pack[0m and container [32mstep-working-dir-initializer-k8tgq[0m
{"level":"warn","ts":1585910298.8272824,"logger":"fallback-logger","caller":"logging/config.go:69","msg":"Fetch GitHub commit ID from kodata failed: open /var/run/ko/HEAD: no such file or directory"}
{"level":"info","ts":1585910298.8294868,"logger":"fallback-logger","caller":"bash/main.go:64","msg":"Successfully executed command \"sh -c mkdir -p /workspace/source\"; output "}

Showing logs for build [32mcb-kubecd-environment-pr-193-41-l4r8v-1[0m stage [32mfrom-build-pack[0m and container [32mstep-place-tools[0m

Showing logs for build [32mcb-kubecd-environment-pr-193-41-l4r8v-1[0m stage [32mfrom-build-pack[0m and container [32mstep-git-source-cb-kubecd-environment-pr-193-41-l4r8v-4pzwx[0m
{"level":"warn","ts":1585910327.1002269,"logger":"fallback-logger","caller":"logging/config.go:69","msg":"Fetch GitHub commit ID from kodata failed: \"ref: refs/heads/0.8.0-**-support-backwards-incompats\" is not a valid GitHub commit ID"}
{"level":"info","ts":1585910328.1497977,"logger":"fallback-logger","caller":"git/git.go:103","msg":"Successfully cloned https://github.com/cb-kubecd/environment-pr-193-41-boot-gke-production.git @ master in path /workspace/source"}

Showing logs for build [32mcb-kubecd-environment-pr-193-41-l4r8v-1[0m stage [32mfrom-build-pack[0m and container [32mstep-git-merge[0m
Using SHAs from PULL_REFS=master:4390064fdc3b99a3a4fa6d210ed17d6d939598e9,1:f368df740764f46988e9b1491360474af9d4d932
DEBUG: LC_ALL=C JX_LOG_LEVEL=error git fetch origin --unshallow f368df740764f46988e9b1491360474af9d4d932: 4390064fdc3b99a3a4fa6d210ed17d6d939598e9:
DEBUG: ran git fetch --unshallow origin f368df740764f46988e9b1491360474af9d4d932: 4390064fdc3b99a3a4fa6d210ed17d6d939598e9: in 
DEBUG: LC_ALL=C JX_LOG_LEVEL=error git branch
DEBUG: LC_ALL=C JX_LOG_LEVEL=error git checkout master
DEBUG: ran git checkout master in 
DEBUG: LC_ALL=C JX_LOG_LEVEL=error git reset --hard 4390064fdc3b99a3a4fa6d210ed17d6d939598e9
DEBUG: ran git reset --hard 4390064fdc3b99a3a4fa6d210ed17d6d939598e9 in 
DEBUG: LC_ALL=C JX_LOG_LEVEL=error git clean -fd .
DEBUG: ran clean --force -d . in 
DEBUG: LC_ALL=C JX_LOG_LEVEL=error git merge f368df740764f46988e9b1491360474af9d4d932
DEBUG: ran git merge f368df740764f46988e9b1491360474af9d4d932 in 
DEBUG: LC_ALL=C JX_LOG_LEVEL=error git log --format=%H%x1f%an%x1f%ae%x1f%cn%x1f%ce%x1f%s%n%b%x1e 4390064fdc3b99a3a4fa6d210ed17d6d939598e9..HEAD
Merged SHA f368df740764f46988e9b1491360474af9d4d932 with commit message 'chore: Promote bdd-spring-1585909412 to version 0.0.1' into base branch master

Showing logs for build [32mcb-kubecd-environment-pr-193-41-l4r8v-1[0m stage [32mfrom-build-pack[0m and container [32mstep-build-helm-build[0m
WARNING: No $CHART_REPOSITORY defined so using the default value of: http://jenkins-x-chartmuseum:8080
Adding missing Helm repo: storage.googleapis.com https://storage.googleapis.com/chartmuseum.jenkins-x.io
WARNING: No secrets found on "helm/repos" due: reading the secret "helm/repos" from vault: no secret "helm/repos" not found in vault
Read credentials for https://storage.googleapis.com/chartmuseum.jenkins-x.io from vault helm/repos
Successfully added Helm repository storage.googleapis.com.
Adding missing Helm repo: jenkins-x-chartmuseum http://jenkins-x-chartmuseum:8080
WARNING: No secrets found on "helm/repos" due: reading the secret "helm/repos" from vault: no secret "helm/repos" not found in vault
Read credentials for http://jenkins-x-chartmuseum:8080 from vault helm/repos
Successfully added Helm repository jenkins-x-chartmuseum.
WARNING: No $CHART_REPOSITORY defined so using the default value of: http://jenkins-x-chartmuseum:8080
Adding missing Helm repo: chartmuseum.jenkins-x.io http://chartmuseum.jenkins-x.io
WARNING: No secrets found on "helm/repos" due: reading the secret "helm/repos" from vault: no secret "helm/repos" not found in vault
Read credentials for http://chartmuseum.jenkins-x.io from vault helm/repos
Successfully added Helm repository chartmuseum.jenkins-x.io.
